2019-09-21T17:14:11.049|~|200|~|/test?pcid=IIIJCD&siteid=1
2019-09-21T17:14:11.061|~|200|~|/test?pcid=IIIJCD&siteid=3
2019-09-21T17:14:11.061|~|200|~|/test?pcid=KJLAKG&siteid=9
2019-09-21T17:14:11.062|~|200|~|/test?pcid=HIJFLA&siteid=18
2019-09-21T17:14:11.062|~|200|~|/test?pcid=KJLAKG&siteid=17
2019-09-21T17:14:11.062|~|200|~|/test?pcid=IGIDLB&siteid=2
2019-09-21T17:14:11.062|~|200|~|/test?pcid=IIIJCD&siteid=19
2019-09-21T17:14:11.062|~|200|~|/test?pcid=IGIDLB&siteid=16
2019-09-21T17:14:11.062|~|200|~|/test?pcid=JCEBBC&siteid=7
2019-09-21T17:14:11.062|~|200|~|/test?pcid=GLLIEG&siteid=10
2019-09-21T17:14:11.062|~|200|~|/test?pcid=DEIBAH&siteid=13
2019-09-21T17:14:11.062|~|200|~|/test?pcid=HIJFLA&siteid=5
2019-09-21T17:14:11.062|~|200|~|/test?pcid=HIJFLA&siteid=7
2019-09-21T17:14:11.063|~|200|~|/test?pcid=HMGBDE&siteid=6
2019-09-21T17:14:11.063|~|200|~|/test?pcid=HIJFLA&siteid=17
2019-09-21T17:14:11.063|~|200|~|/test?pcid=IIIJCD&siteid=18
2019-09-21T17:14:11.063|~|200|~|/test?pcid=IIIJCD&siteid=6
2019-09-21T17:14:11.063|~|200|~|/test?pcid=JCEBBC&siteid=10
2019-09-21T17:14:11.063|~|200|~|/test?pcid=IGIDLB&siteid=3
2019-09-21T17:14:11.063|~|200|~|/test?pcid=DEIBAH&siteid=18
2019-09-21T17:14:11.063|~|200|~|/test?pcid=GLLIEG&siteid=10
2019-09-21T17:14:11.066|~|200|~|/test?pcid=DEIBAH&siteid=5
2019-09-21T17:14:11.066|~|200|~|/test?pcid=HIJMEC&siteid=14
2019-09-21T17:14:11.066|~|200|~|/test?pcid=HIJFLA&siteid=8
2019-09-21T17:14:11.066|~|200|~|/test?pcid=KJLAKG&siteid=12
2019-09-21T17:14:11.066|~|200|~|/test?pcid=HMGBDE&siteid=10
2019-09-21T17:14:11.066|~|200|~|/test?pcid=KJLAKG&siteid=2
2019-09-21T17:14:11.066|~|200|~|/test?pcid=HIJMEC&siteid=3
2019-09-21T17:14:11.066|~|200|~|/test?pcid=JCEBBC&siteid=6
2019-09-21T17:14:11.066|~|200|~|/test?pcid=FHEIKI&siteid=5
2019-09-21T17:14:11.066|~|200|~|/test?pcid=HIJMEC&siteid=0
2019-09-21T17:14:11.067|~|200|~|/test?pcid=JCEBBC&siteid=13
2019-09-21T17:14:11.067|~|200|~|/test?pcid=HIJFLA&siteid=16
2019-09-21T17:14:11.067|~|200|~|/test?pcid=IGIDLB&siteid=1
2019-09-21T17:14:11.067|~|200|~|/test?pcid=HMGBDE&siteid=10
2019-09-21T17:14:11.067|~|200|~|/test?pcid=FHEIKI&siteid=0
2019-09-21T17:14:11.067|~|200|~|/test?pcid=IGIDLB&siteid=7
2019-09-21T17:14:11.067|~|200|~|/test?pcid=HIJFLA&siteid=2
2019-09-21T17:14:11.067|~|200|~|/test?pcid=DEIBAH&siteid=4
2019-09-21T17:14:11.067|~|200|~|/test?pcid=DEIBAH&siteid=5
2019-09-21T17:14:11.067|~|200|~|/test?pcid=FHEIKI&siteid=4
2019-09-21T17:14:11.068|~|200|~|/test?pcid=FHEIKI&siteid=12
2019-09-21T17:14:11.068|~|200|~|/test?pcid=KJLAKG&siteid=1
2019-09-21T17:14:11.068|~|200|~|/test?pcid=IGIDLB&siteid=9
2019-09-21T17:14:11.068|~|200|~|/test?pcid=HIJFLA&siteid=13
2019-09-21T17:14:11.068|~|200|~|/test?pcid=HIJMEC&siteid=7
2019-09-21T17:14:11.068|~|200|~|/test?pcid=DEIBAH&siteid=19
2019-09-21T17:14:11.068|~|200|~|/test?pcid=HMGBDE&siteid=5
2019-09-21T17:14:11.068|~|200|~|/test?pcid=FHEIKI&siteid=19
2019-09-21T17:14:11.068|~|200|~|/test?pcid=HMGBDE&siteid=2
2019-09-21T17:14:11.068|~|200|~|/test?pcid=DEIBAH&siteid=4
2019-09-21T17:14:11.068|~|200|~|/test?pcid=JCEBBC&siteid=15
2019-09-21T17:14:11.069|~|200|~|/test?pcid=DEIBAH&siteid=17
2019-09-21T17:14:11.069|~|200|~|/test?pcid=JCEBBC&siteid=19
2019-09-21T17:14:11.069|~|200|~|/test?pcid=FHEIKI&siteid=19
2019-09-21T17:14:11.069|~|200|~|/test?pcid=HIJFLA&siteid=9
2019-09-21T17:14:11.069|~|200|~|/test?pcid=HMGBDE&siteid=11
2019-09-21T17:14:11.069|~|200|~|/test?pcid=IGIDLB&siteid=19
2019-09-21T17:14:11.069|~|200|~|/test?pcid=GLLIEG&siteid=2
2019-09-21T17:14:11.069|~|200|~|/test?pcid=IIIJCD&siteid=3
2019-09-21T17:14:11.069|~|200|~|/test?pcid=IIIJCD&siteid=3
2019-09-21T17:14:11.069|~|200|~|/test?pcid=IGIDLB&siteid=7
2019-09-21T17:14:11.069|~|200|~|/test?pcid=IIIJCD&siteid=8
2019-09-21T17:14:11.070|~|200|~|/test?pcid=JCEBBC&siteid=5
2019-09-21T17:14:11.070|~|200|~|/test?pcid=KJLAKG&siteid=5
2019-09-21T17:14:11.070|~|200|~|/test?pcid=HIJFLA&siteid=17
2019-09-21T17:14:11.070|~|200|~|/test?pcid=IIIJCD&siteid=10
2019-09-21T17:14:11.070|~|200|~|/test?pcid=DEIBAH&siteid=9
2019-09-21T17:14:11.070|~|200|~|/test?pcid=IIIJCD&siteid=7
2019-09-21T17:14:11.070|~|200|~|/test?pcid=HMGBDE&siteid=9
2019-09-21T17:14:11.070|~|200|~|/test?pcid=IGIDLB&siteid=16
2019-09-21T17:14:11.070|~|200|~|/test?pcid=HIJFLA&siteid=10
2019-09-21T17:14:11.070|~|200|~|/test?pcid=HIJFLA&siteid=9
2019-09-21T17:14:11.070|~|200|~|/test?pcid=IGIDLB&siteid=0
2019-09-21T17:14:11.071|~|200|~|/test?pcid=HIJMEC&siteid=8
2019-09-21T17:14:11.071|~|200|~|/test?pcid=DEIBAH&siteid=17
2019-09-21T17:14:11.071|~|200|~|/test?pcid=IGIDLB&siteid=9
2019-09-21T17:14:11.071|~|200|~|/test?pcid=HMGBDE&siteid=4
2019-09-21T17:14:11.071|~|200|~|/test?pcid=HIJMEC&siteid=2
2019-09-21T17:14:11.071|~|200|~|/test?pcid=IGIDLB&siteid=19
2019-09-21T17:14:11.071|~|200|~|/test?pcid=IIIJCD&siteid=6
2019-09-21T17:14:11.071|~|200|~|/test?pcid=GLLIEG&siteid=13
2019-09-21T17:14:11.071|~|200|~|/test?pcid=IIIJCD&siteid=11
2019-09-21T17:14:11.071|~|200|~|/test?pcid=IIIJCD&siteid=5
2019-09-21T17:14:11.071|~|200|~|/test?pcid=HIJMEC&siteid=8
2019-09-21T17:14:11.071|~|200|~|/test?pcid=IGIDLB&siteid=13
2019-09-21T17:14:11.072|~|200|~|/test?pcid=HIJMEC&siteid=16
2019-09-21T17:14:11.072|~|200|~|/test?pcid=GLLIEG&siteid=15
2019-09-21T17:14:11.072|~|200|~|/test?pcid=HMGBDE&siteid=4
2019-09-21T17:14:11.072|~|200|~|/test?pcid=HMGBDE&siteid=1
2019-09-21T17:14:11.072|~|200|~|/test?pcid=KJLAKG&siteid=12
2019-09-21T17:14:11.072|~|200|~|/test?pcid=HIJMEC&siteid=17
2019-09-21T17:14:11.072|~|200|~|/test?pcid=DEIBAH&siteid=11
2019-09-21T17:14:11.072|~|200|~|/test?pcid=HMGBDE&siteid=12
2019-09-21T17:14:11.072|~|200|~|/test?pcid=JCEBBC&siteid=12
2019-09-21T17:14:11.072|~|200|~|/test?pcid=FHEIKI&siteid=8
2019-09-21T17:14:11.072|~|200|~|/test?pcid=HIJFLA&siteid=8
2019-09-21T17:14:11.073|~|200|~|/test?pcid=JCEBBC&siteid=10
2019-09-21T17:14:11.073|~|200|~|/test?pcid=HIJMEC&siteid=19
2019-09-21T17:14:11.073|~|200|~|/test?pcid=HIJFLA&siteid=7
2019-09-21T17:14:11.073|~|200|~|/test?pcid=KJLAKG&siteid=10
2019-09-21T17:14:11.073|~|200|~|/test?pcid=KJLAKG&siteid=19
2019-09-21T17:14:11.073|~|200|~|/test?pcid=HIJMEC&siteid=14
2019-09-21T17:14:11.073|~|200|~|/test?pcid=GLLIEG&siteid=1
2019-09-21T17:14:11.073|~|200|~|/test?pcid=GLLIEG&siteid=16
2019-09-21T17:14:11.073|~|200|~|/test?pcid=IGIDLB&siteid=11
2019-09-21T17:14:11.073|~|200|~|/test?pcid=HMGBDE&siteid=11
2019-09-21T17:14:11.073|~|200|~|/test?pcid=DEIBAH&siteid=6
2019-09-21T17:14:11.074|~|200|~|/test?pcid=GLLIEG&siteid=3
2019-09-21T17:14:11.074|~|200|~|/test?pcid=GLLIEG&siteid=4
2019-09-21T17:14:11.074|~|200|~|/test?pcid=HIJMEC&siteid=17
2019-09-21T17:14:11.074|~|200|~|/test?pcid=IGIDLB&siteid=13
2019-09-21T17:14:11.074|~|200|~|/test?pcid=HMGBDE&siteid=7
2019-09-21T17:14:11.074|~|200|~|/test?pcid=IGIDLB&siteid=10
2019-09-21T17:14:11.074|~|200|~|/test?pcid=HIJFLA&siteid=2
2019-09-21T17:14:11.074|~|200|~|/test?pcid=IIIJCD&siteid=12
2019-09-21T17:14:11.074|~|200|~|/test?pcid=HMGBDE&siteid=16
2019-09-21T17:14:11.074|~|200|~|/test?pcid=HIJFLA&siteid=15
2019-09-21T17:14:11.074|~|200|~|/test?pcid=DEIBAH&siteid=5
2019-09-21T17:14:11.074|~|200|~|/test?pcid=HIJMEC&siteid=15
2019-09-21T17:14:11.075|~|200|~|/test?pcid=IIIJCD&siteid=6
2019-09-21T17:14:11.075|~|200|~|/test?pcid=HIJFLA&siteid=4
2019-09-21T17:14:11.075|~|200|~|/test?pcid=IGIDLB&siteid=3
2019-09-21T17:14:11.075|~|200|~|/test?pcid=FHEIKI&siteid=12
2019-09-21T17:14:11.075|~|200|~|/test?pcid=IIIJCD&siteid=5
2019-09-21T17:14:11.075|~|200|~|/test?pcid=JCEBBC&siteid=11
2019-09-21T17:14:11.075|~|200|~|/test?pcid=FHEIKI&siteid=15
2019-09-21T17:14:11.075|~|200|~|/test?pcid=JCEBBC&siteid=5
2019-09-21T17:14:11.075|~|200|~|/test?pcid=HMGBDE&siteid=3
2019-09-21T17:14:11.076|~|200|~|/test?pcid=IIIJCD&siteid=10
2019-09-21T17:14:11.076|~|200|~|/test?pcid=JCEBBC&siteid=4
2019-09-21T17:14:11.076|~|200|~|/test?pcid=HIJFLA&siteid=1
2019-09-21T17:14:11.076|~|200|~|/test?pcid=FHEIKI&siteid=15
2019-09-21T17:14:11.076|~|200|~|/test?pcid=IIIJCD&siteid=3
2019-09-21T17:14:11.076|~|200|~|/test?pcid=GLLIEG&siteid=8
2019-09-21T17:14:11.076|~|200|~|/test?pcid=HIJMEC&siteid=16
2019-09-21T17:14:11.076|~|200|~|/test?pcid=HMGBDE&siteid=1
2019-09-21T17:14:11.076|~|200|~|/test?pcid=HIJMEC&siteid=11
2019-09-21T17:14:11.077|~|200|~|/test?pcid=IGIDLB&siteid=18
2019-09-21T17:14:11.077|~|200|~|/test?pcid=DEIBAH&siteid=19
2019-09-21T17:14:11.077|~|200|~|/test?pcid=HIJMEC&siteid=5
2019-09-21T17:14:11.077|~|200|~|/test?pcid=IGIDLB&siteid=7
2019-09-21T17:14:11.077|~|200|~|/test?pcid=HIJFLA&siteid=14
2019-09-21T17:14:11.077|~|200|~|/test?pcid=IIIJCD&siteid=7
2019-09-21T17:14:11.077|~|200|~|/test?pcid=FHEIKI&siteid=18
2019-09-21T17:14:11.077|~|200|~|/test?pcid=DEIBAH&siteid=8
2019-09-21T17:14:11.077|~|200|~|/test?pcid=IIIJCD&siteid=7
2019-09-21T17:14:11.077|~|200|~|/test?pcid=HMGBDE&siteid=1
2019-09-21T17:14:11.077|~|200|~|/test?pcid=HMGBDE&siteid=11
2019-09-21T17:14:11.077|~|200|~|/test?pcid=HIJMEC&siteid=3
2019-09-21T17:14:11.077|~|200|~|/test?pcid=FHEIKI&siteid=3
2019-09-21T17:14:11.078|~|200|~|/test?pcid=KJLAKG&siteid=19
2019-09-21T17:14:11.078|~|200|~|/test?pcid=DEIBAH&siteid=15
2019-09-21T17:14:11.078|~|200|~|/test?pcid=IGIDLB&siteid=9
2019-09-21T17:14:11.078|~|200|~|/test?pcid=IIIJCD&siteid=5
2019-09-21T17:14:11.078|~|200|~|/test?pcid=DEIBAH&siteid=16
2019-09-21T17:14:11.078|~|200|~|/test?pcid=IGIDLB&siteid=13
2019-09-21T17:14:11.078|~|200|~|/test?pcid=IGIDLB&siteid=4
2019-09-21T17:14:11.078|~|200|~|/test?pcid=IIIJCD&siteid=4
2019-09-21T17:14:11.078|~|200|~|/test?pcid=HMGBDE&siteid=0
2019-09-21T17:14:11.078|~|200|~|/test?pcid=HMGBDE&siteid=14
2019-09-21T17:14:11.078|~|200|~|/test?pcid=HMGBDE&siteid=11
2019-09-21T17:14:11.078|~|200|~|/test?pcid=IIIJCD&siteid=1
2019-09-21T17:14:11.079|~|200|~|/test?pcid=DEIBAH&siteid=15
2019-09-21T17:14:11.079|~|200|~|/test?pcid=GLLIEG&siteid=4
2019-09-21T17:14:11.079|~|200|~|/test?pcid=JCEBBC&siteid=2
2019-09-21T17:14:11.079|~|200|~|/test?pcid=DEIBAH&siteid=8
2019-09-21T17:14:11.079|~|200|~|/test?pcid=IGIDLB&siteid=10
2019-09-21T17:14:11.079|~|200|~|/test?pcid=IIIJCD&siteid=11
2019-09-21T17:14:11.079|~|200|~|/test?pcid=IGIDLB&siteid=17
2019-09-21T17:14:11.079|~|200|~|/test?pcid=HIJMEC&siteid=2
2019-09-21T17:14:11.079|~|200|~|/test?pcid=IIIJCD&siteid=17
2019-09-21T17:14:11.079|~|200|~|/test?pcid=HIJMEC&siteid=4
2019-09-21T17:14:11.079|~|200|~|/test?pcid=DEIBAH&siteid=1
2019-09-21T17:14:11.079|~|200|~|/test?pcid=IGIDLB&siteid=10
2019-09-21T17:14:11.080|~|200|~|/test?pcid=GLLIEG&siteid=16
2019-09-21T17:14:11.080|~|200|~|/test?pcid=JCEBBC&siteid=19
2019-09-21T17:14:11.080|~|200|~|/test?pcid=KJLAKG&siteid=4
2019-09-21T17:14:11.080|~|200|~|/test?pcid=GLLIEG&siteid=15
2019-09-21T17:14:11.080|~|200|~|/test?pcid=IGIDLB&siteid=14
2019-09-21T17:14:11.080|~|200|~|/test?pcid=HIJMEC&siteid=7
2019-09-21T17:14:11.080|~|200|~|/test?pcid=FHEIKI&siteid=8
2019-09-21T17:14:11.080|~|200|~|/test?pcid=KJLAKG&siteid=11
2019-09-21T17:14:11.080|~|200|~|/test?pcid=HIJFLA&siteid=19
2019-09-21T17:14:11.080|~|200|~|/test?pcid=FHEIKI&siteid=16
2019-09-21T17:14:11.080|~|200|~|/test?pcid=IIIJCD&siteid=13
2019-09-21T17:14:11.080|~|200|~|/test?pcid=GLLIEG&siteid=1
2019-09-21T17:14:11.081|~|200|~|/test?pcid=HMGBDE&siteid=18
2019-09-21T17:14:11.081|~|200|~|/test?pcid=FHEIKI&siteid=14
2019-09-21T17:14:11.081|~|200|~|/test?pcid=JCEBBC&siteid=4
2019-09-21T17:14:11.081|~|200|~|/test?pcid=IIIJCD&siteid=19
2019-09-21T17:14:11.081|~|200|~|/test?pcid=KJLAKG&siteid=9
2019-09-21T17:14:11.081|~|200|~|/test?pcid=HMGBDE&siteid=2
2019-09-21T17:14:11.081|~|200|~|/test?pcid=HIJMEC&siteid=19
2019-09-21T17:14:11.081|~|200|~|/test?pcid=KJLAKG&siteid=4
2019-09-21T17:14:11.081|~|200|~|/test?pcid=JCEBBC&siteid=3
2019-09-21T17:14:11.081|~|200|~|/test?pcid=KJLAKG&siteid=9
2019-09-21T17:14:11.081|~|200|~|/test?pcid=HIJFLA&siteid=12
2019-09-21T17:14:11.081|~|200|~|/test?pcid=GLLIEG&siteid=18
2019-09-21T17:14:11.081|~|200|~|/test?pcid=GLLIEG&siteid=7
2019-09-21T17:14:11.082|~|200|~|/test?pcid=HMGBDE&siteid=0
2019-09-21T17:14:11.082|~|200|~|/test?pcid=HIJMEC&siteid=12
2019-09-21T17:14:11.082|~|200|~|/test?pcid=JCEBBC&siteid=6
2019-09-21T17:14:11.082|~|200|~|/test?pcid=HIJMEC&siteid=12
2019-09-21T17:14:11.082|~|200|~|/test?pcid=JCEBBC&siteid=6
2019-09-21T17:14:11.082|~|200|~|/test?pcid=FHEIKI&siteid=4
2019-09-21T17:14:11.082|~|200|~|/test?pcid=GLLIEG&siteid=4
2019-09-21T17:14:11.082|~|200|~|/test?pcid=KJLAKG&siteid=12
2019-09-21T17:14:11.082|~|200|~|/test?pcid=HMGBDE&siteid=16
2019-09-21T17:14:11.082|~|200|~|/test?pcid=IIIJCD&siteid=0
2019-09-21T17:14:11.082|~|200|~|/test?pcid=IIIJCD&siteid=18
2019-09-21T17:14:11.082|~|200|~|/test?pcid=IIIJCD&siteid=12
2019-09-21T17:14:11.083|~|200|~|/test?pcid=DEIBAH&siteid=14
2019-09-21T17:14:11.083|~|200|~|/test?pcid=FHEIKI&siteid=12
2019-09-21T17:14:11.083|~|200|~|/test?pcid=GLLIEG&siteid=10
2019-09-21T17:14:11.083|~|200|~|/test?pcid=FHEIKI&siteid=7
2019-09-21T17:14:11.083|~|200|~|/test?pcid=GLLIEG&siteid=16
2019-09-21T17:14:11.083|~|200|~|/test?pcid=HIJMEC&siteid=1
2019-09-21T17:14:11.083|~|200|~|/test?pcid=GLLIEG&siteid=2
2019-09-21T17:14:11.083|~|200|~|/test?pcid=HIJMEC&siteid=17
2019-09-21T17:14:11.083|~|200|~|/test?pcid=JCEBBC&siteid=14
2019-09-21T17:14:11.083|~|200|~|/test?pcid=KJLAKG&siteid=11
2019-09-21T17:14:11.083|~|200|~|/test?pcid=KJLAKG&siteid=8
2019-09-21T17:14:11.083|~|200|~|/test?pcid=JCEBBC&siteid=16
2019-09-21T17:14:11.083|~|200|~|/test?pcid=FHEIKI&siteid=9
2019-09-21T17:14:11.084|~|200|~|/test?pcid=IGIDLB&siteid=2
2019-09-21T17:14:11.084|~|200|~|/test?pcid=DEIBAH&siteid=9
2019-09-21T17:14:11.084|~|200|~|/test?pcid=HIJFLA&siteid=19
2019-09-21T17:14:11.084|~|200|~|/test?pcid=FHEIKI&siteid=3
2019-09-21T17:14:11.084|~|200|~|/test?pcid=KJLAKG&siteid=6
2019-09-21T17:14:11.084|~|200|~|/test?pcid=JCEBBC&siteid=18
2019-09-21T17:14:11.084|~|200|~|/test?pcid=DEIBAH&siteid=11
2019-09-21T17:14:11.084|~|200|~|/test?pcid=DEIBAH&siteid=7
2019-09-21T17:14:11.084|~|200|~|/test?pcid=GLLIEG&siteid=12
2019-09-21T17:14:11.084|~|200|~|/test?pcid=FHEIKI&siteid=3
2019-09-21T17:14:11.084|~|200|~|/test?pcid=IIIJCD&siteid=6
2019-09-21T17:14:11.084|~|200|~|/test?pcid=HIJMEC&siteid=0
2019-09-21T17:14:11.084|~|200|~|/test?pcid=FHEIKI&siteid=6
2019-09-21T17:14:11.084|~|200|~|/test?pcid=FHEIKI&siteid=3
2019-09-21T17:14:11.084|~|200|~|/test?pcid=IGIDLB&siteid=12
2019-09-21T17:14:11.085|~|200|~|/test?pcid=GLLIEG&siteid=0
2019-09-21T17:14:11.085|~|200|~|/test?pcid=IIIJCD&siteid=7
2019-09-21T17:14:11.085|~|200|~|/test?pcid=HIJFLA&siteid=6
2019-09-21T17:14:11.085|~|200|~|/test?pcid=HIJMEC&siteid=5
2019-09-21T17:14:11.085|~|200|~|/test?pcid=IGIDLB&siteid=12
2019-09-21T17:14:11.085|~|200|~|/test?pcid=FHEIKI&siteid=6
2019-09-21T17:14:11.085|~|200|~|/test?pcid=GLLIEG&siteid=5
2019-09-21T17:14:11.085|~|200|~|/test?pcid=HMGBDE&siteid=1
2019-09-21T17:14:11.085|~|200|~|/test?pcid=IIIJCD&siteid=11
2019-09-21T17:14:11.085|~|200|~|/test?pcid=HIJFLA&siteid=10
2019-09-21T17:14:11.085|~|200|~|/test?pcid=HMGBDE&siteid=11
2019-09-21T17:14:11.085|~|200|~|/test?pcid=HIJMEC&siteid=19
2019-09-21T17:14:11.085|~|200|~|/test?pcid=JCEBBC&siteid=18
2019-09-21T17:14:11.085|~|200|~|/test?pcid=HIJFLA&siteid=11
2019-09-21T17:14:11.086|~|200|~|/test?pcid=DEIBAH&siteid=3
2019-09-21T17:14:11.086|~|200|~|/test?pcid=KJLAKG&siteid=6
2019-09-21T17:14:11.086|~|200|~|/test?pcid=GLLIEG&siteid=15
2019-09-21T17:14:11.086|~|200|~|/test?pcid=IGIDLB&siteid=16
2019-09-21T17:14:11.086|~|200|~|/test?pcid=KJLAKG&siteid=16
2019-09-21T17:14:11.086|~|200|~|/test?pcid=HMGBDE&siteid=17
2019-09-21T17:14:11.086|~|200|~|/test?pcid=GLLIEG&siteid=8
2019-09-21T17:14:11.086|~|200|~|/test?pcid=HIJFLA&siteid=12
2019-09-21T17:14:11.086|~|200|~|/test?pcid=IGIDLB&siteid=5
2019-09-21T17:14:11.086|~|200|~|/test?pcid=HIJFLA&siteid=18
2019-09-21T17:14:11.086|~|200|~|/test?pcid=HIJMEC&siteid=7
2019-09-21T17:14:11.086|~|200|~|/test?pcid=DEIBAH&siteid=9
2019-09-21T17:14:11.086|~|200|~|/test?pcid=HMGBDE&siteid=5
2019-09-21T17:14:11.087|~|200|~|/test?pcid=IIIJCD&siteid=4
2019-09-21T17:14:11.087|~|200|~|/test?pcid=IGIDLB&siteid=9
2019-09-21T17:14:11.087|~|200|~|/test?pcid=GLLIEG&siteid=17
2019-09-21T17:14:11.087|~|200|~|/test?pcid=JCEBBC&siteid=10
2019-09-21T17:14:11.087|~|200|~|/test?pcid=HIJFLA&siteid=16
2019-09-21T17:14:11.087|~|200|~|/test?pcid=HIJFLA&siteid=1
2019-09-21T17:14:11.087|~|200|~|/test?pcid=FHEIKI&siteid=18
2019-09-21T17:14:11.087|~|200|~|/test?pcid=IIIJCD&siteid=3
2019-09-21T17:14:11.087|~|200|~|/test?pcid=HMGBDE&siteid=5
2019-09-21T17:14:11.087|~|200|~|/test?pcid=HIJMEC&siteid=19
2019-09-21T17:14:11.087|~|200|~|/test?pcid=GLLIEG&siteid=0
2019-09-21T17:14:11.087|~|200|~|/test?pcid=GLLIEG&siteid=5
2019-09-21T17:14:11.087|~|200|~|/test?pcid=JCEBBC&siteid=7
2019-09-21T17:14:11.087|~|200|~|/test?pcid=HMGBDE&siteid=10
2019-09-21T17:14:11.087|~|200|~|/test?pcid=DEIBAH&siteid=17
2019-09-21T17:14:11.088|~|200|~|/test?pcid=DEIBAH&siteid=18
2019-09-21T17:14:11.088|~|200|~|/test?pcid=DEIBAH&siteid=13
2019-09-21T17:14:11.088|~|200|~|/test?pcid=JCEBBC&siteid=8
2019-09-21T17:14:11.088|~|200|~|/test?pcid=IIIJCD&siteid=18
2019-09-21T17:14:11.088|~|200|~|/test?pcid=IGIDLB&siteid=9
2019-09-21T17:14:11.088|~|200|~|/test?pcid=HIJMEC&siteid=5
2019-09-21T17:14:11.088|~|200|~|/test?pcid=KJLAKG&siteid=10
2019-09-21T17:14:11.088|~|200|~|/test?pcid=IGIDLB&siteid=3
2019-09-21T17:14:11.088|~|200|~|/test?pcid=HIJMEC&siteid=8
2019-09-21T17:14:11.088|~|200|~|/test?pcid=JCEBBC&siteid=8
2019-09-21T17:14:11.088|~|200|~|/test?pcid=JCEBBC&siteid=10
2019-09-21T17:14:11.088|~|200|~|/test?pcid=HIJMEC&siteid=11
2019-09-21T17:14:11.088|~|200|~|/test?pcid=HIJMEC&siteid=1
2019-09-21T17:14:11.088|~|200|~|/test?pcid=DEIBAH&siteid=11
2019-09-21T17:14:11.088|~|200|~|/test?pcid=IIIJCD&siteid=1
2019-09-21T17:14:11.088|~|200|~|/test?pcid=JCEBBC&siteid=15
2019-09-21T17:14:11.089|~|200|~|/test?pcid=IGIDLB&siteid=9
2019-09-21T17:14:11.089|~|200|~|/test?pcid=KJLAKG&siteid=15
2019-09-21T17:14:11.089|~|200|~|/test?pcid=IIIJCD&siteid=3
2019-09-21T17:14:11.089|~|200|~|/test?pcid=IIIJCD&siteid=18
2019-09-21T17:14:11.089|~|200|~|/test?pcid=HIJFLA&siteid=5
2019-09-21T17:14:11.089|~|200|~|/test?pcid=HIJMEC&siteid=3
2019-09-21T17:14:11.089|~|200|~|/test?pcid=HIJMEC&siteid=12
2019-09-21T17:14:11.089|~|200|~|/test?pcid=IIIJCD&siteid=10
2019-09-21T17:14:11.089|~|200|~|/test?pcid=KJLAKG&siteid=10
2019-09-21T17:14:11.089|~|200|~|/test?pcid=DEIBAH&siteid=3
2019-09-21T17:14:11.089|~|200|~|/test?pcid=JCEBBC&siteid=17
2019-09-21T17:14:11.089|~|200|~|/test?pcid=DEIBAH&siteid=18
2019-09-21T17:14:11.089|~|200|~|/test?pcid=HMGBDE&siteid=19
2019-09-21T17:14:11.089|~|200|~|/test?pcid=HIJMEC&siteid=2
2019-09-21T17:14:11.089|~|200|~|/test?pcid=KJLAKG&siteid=14
2019-09-21T17:14:11.089|~|200|~|/test?pcid=HMGBDE&siteid=10
2019-09-21T17:14:11.089|~|200|~|/test?pcid=HIJFLA&siteid=0
2019-09-21T17:14:11.090|~|200|~|/test?pcid=GLLIEG&siteid=3
2019-09-21T17:14:11.090|~|200|~|/test?pcid=IGIDLB&siteid=0
2019-09-21T17:14:11.090|~|200|~|/test?pcid=JCEBBC&siteid=17
2019-09-21T17:14:11.090|~|200|~|/test?pcid=IIIJCD&siteid=11
2019-09-21T17:14:11.090|~|200|~|/test?pcid=JCEBBC&siteid=8
2019-09-21T17:14:11.090|~|200|~|/test?pcid=HMGBDE&siteid=6
2019-09-21T17:14:11.090|~|200|~|/test?pcid=GLLIEG&siteid=12
2019-09-21T17:14:11.090|~|200|~|/test?pcid=DEIBAH&siteid=8
2019-09-21T17:14:11.090|~|200|~|/test?pcid=DEIBAH&siteid=19
2019-09-21T17:14:11.090|~|200|~|/test?pcid=IIIJCD&siteid=16
2019-09-21T17:14:11.090|~|200|~|/test?pcid=HIJMEC&siteid=0
2019-09-21T17:14:11.090|~|200|~|/test?pcid=HIJMEC&siteid=2
2019-09-21T17:14:11.090|~|200|~|/test?pcid=IIIJCD&siteid=15
2019-09-21T17:14:11.090|~|200|~|/test?pcid=GLLIEG&siteid=1
2019-09-21T17:14:11.090|~|200|~|/test?pcid=IGIDLB&siteid=18
2019-09-21T17:14:11.090|~|200|~|/test?pcid=GLLIEG&siteid=1
2019-09-21T17:14:11.090|~|200|~|/test?pcid=IIIJCD&siteid=11
2019-09-21T17:14:11.091|~|200|~|/test?pcid=IGIDLB&siteid=7
2019-09-21T17:14:11.091|~|200|~|/test?pcid=DEIBAH&siteid=4
2019-09-21T17:14:11.091|~|200|~|/test?pcid=KJLAKG&siteid=6
2019-09-21T17:14:11.091|~|200|~|/test?pcid=HMGBDE&siteid=8
2019-09-21T17:14:11.091|~|200|~|/test?pcid=HIJFLA&siteid=11
2019-09-21T17:14:11.091|~|200|~|/test?pcid=IGIDLB&siteid=0
2019-09-21T17:14:11.091|~|200|~|/test?pcid=FHEIKI&siteid=1
2019-09-21T17:14:11.091|~|200|~|/test?pcid=JCEBBC&siteid=8
2019-09-21T17:14:11.091|~|200|~|/test?pcid=FHEIKI&siteid=14
2019-09-21T17:14:11.091|~|200|~|/test?pcid=FHEIKI&siteid=11
2019-09-21T17:14:11.091|~|200|~|/test?pcid=HIJMEC&siteid=8
2019-09-21T17:14:11.091|~|200|~|/test?pcid=HIJMEC&siteid=6
2019-09-21T17:14:11.091|~|200|~|/test?pcid=IIIJCD&siteid=7
2019-09-21T17:14:11.091|~|200|~|/test?pcid=IIIJCD&siteid=2
2019-09-21T17:14:11.091|~|200|~|/test?pcid=DEIBAH&siteid=11
2019-09-21T17:14:11.091|~|200|~|/test?pcid=JCEBBC&siteid=0
2019-09-21T17:14:11.091|~|200|~|/test?pcid=HMGBDE&siteid=5
2019-09-21T17:14:11.092|~|200|~|/test?pcid=GLLIEG&siteid=8
2019-09-21T17:14:11.092|~|200|~|/test?pcid=KJLAKG&siteid=1
2019-09-21T17:14:11.092|~|200|~|/test?pcid=IIIJCD&siteid=6
2019-09-21T17:14:11.092|~|200|~|/test?pcid=IGIDLB&siteid=14
2019-09-21T17:14:11.092|~|200|~|/test?pcid=HIJFLA&siteid=11
2019-09-21T17:14:11.092|~|200|~|/test?pcid=HIJFLA&siteid=12
2019-09-21T17:14:11.092|~|200|~|/test?pcid=HMGBDE&siteid=7
2019-09-21T17:14:11.092|~|200|~|/test?pcid=HMGBDE&siteid=14
2019-09-21T17:14:11.092|~|200|~|/test?pcid=IIIJCD&siteid=16
2019-09-21T17:14:11.092|~|200|~|/test?pcid=GLLIEG&siteid=9
2019-09-21T17:14:11.092|~|200|~|/test?pcid=KJLAKG&siteid=12
2019-09-21T17:14:11.092|~|200|~|/test?pcid=HIJMEC&siteid=1
2019-09-21T17:14:11.092|~|200|~|/test?pcid=IGIDLB&siteid=5
2019-09-21T17:14:11.092|~|200|~|/test?pcid=HIJFLA&siteid=9
2019-09-21T17:14:11.092|~|200|~|/test?pcid=HIJMEC&siteid=3
2019-09-21T17:14:11.092|~|200|~|/test?pcid=HIJFLA&siteid=12
2019-09-21T17:14:11.092|~|200|~|/test?pcid=GLLIEG&siteid=19
2019-09-21T17:14:11.092|~|200|~|/test?pcid=HMGBDE&siteid=19
2019-09-21T17:14:11.093|~|200|~|/test?pcid=FHEIKI&siteid=0
2019-09-21T17:14:11.093|~|200|~|/test?pcid=FHEIKI&siteid=11
2019-09-21T17:14:11.093|~|200|~|/test?pcid=FHEIKI&siteid=8
2019-09-21T17:14:11.093|~|200|~|/test?pcid=JCEBBC&siteid=9
2019-09-21T17:14:11.093|~|200|~|/test?pcid=FHEIKI&siteid=18
2019-09-21T17:14:11.093|~|200|~|/test?pcid=HMGBDE&siteid=14
2019-09-21T17:14:11.093|~|200|~|/test?pcid=IGIDLB&siteid=9
2019-09-21T17:14:11.093|~|200|~|/test?pcid=HIJFLA&siteid=8
2019-09-21T17:14:11.093|~|200|~|/test?pcid=DEIBAH&siteid=12
2019-09-21T17:14:11.093|~|200|~|/test?pcid=HIJFLA&siteid=3
2019-09-21T17:14:11.093|~|200|~|/test?pcid=FHEIKI&siteid=2
2019-09-21T17:14:11.093|~|200|~|/test?pcid=FHEIKI&siteid=7
2019-09-21T17:14:11.093|~|200|~|/test?pcid=KJLAKG&siteid=6
2019-09-21T17:14:11.093|~|200|~|/test?pcid=IIIJCD&siteid=10
2019-09-21T17:14:11.093|~|200|~|/test?pcid=HIJMEC&siteid=0
2019-09-21T17:14:11.093|~|200|~|/test?pcid=HIJFLA&siteid=12
2019-09-21T17:14:11.093|~|200|~|/test?pcid=IIIJCD&siteid=19
2019-09-21T17:14:11.094|~|200|~|/test?pcid=IGIDLB&siteid=18
2019-09-21T17:14:11.094|~|200|~|/test?pcid=HIJFLA&siteid=1
2019-09-21T17:14:11.094|~|200|~|/test?pcid=HIJFLA&siteid=16
2019-09-21T17:14:11.094|~|200|~|/test?pcid=DEIBAH&siteid=16
2019-09-21T17:14:11.094|~|200|~|/test?pcid=KJLAKG&siteid=18
2019-09-21T17:14:11.094|~|200|~|/test?pcid=KJLAKG&siteid=1
2019-09-21T17:14:11.094|~|200|~|/test?pcid=DEIBAH&siteid=9
2019-09-21T17:14:11.094|~|200|~|/test?pcid=IGIDLB&siteid=3
2019-09-21T17:14:11.094|~|200|~|/test?pcid=HMGBDE&siteid=19
2019-09-21T17:14:11.094|~|200|~|/test?pcid=GLLIEG&siteid=19
2019-09-21T17:14:11.094|~|200|~|/test?pcid=DEIBAH&siteid=16
2019-09-21T17:14:11.094|~|200|~|/test?pcid=HIJMEC&siteid=6
2019-09-21T17:14:11.094|~|200|~|/test?pcid=KJLAKG&siteid=1
2019-09-21T17:14:11.094|~|200|~|/test?pcid=HMGBDE&siteid=18
2019-09-21T17:14:11.094|~|200|~|/test?pcid=FHEIKI&siteid=8
2019-09-21T17:14:11.094|~|200|~|/test?pcid=DEIBAH&siteid=10
2019-09-21T17:14:11.094|~|200|~|/test?pcid=FHEIKI&siteid=1
2019-09-21T17:14:11.094|~|200|~|/test?pcid=FHEIKI&siteid=10
2019-09-21T17:14:11.094|~|200|~|/test?pcid=FHEIKI&siteid=6
2019-09-21T17:14:11.094|~|200|~|/test?pcid=GLLIEG&siteid=0
2019-09-21T17:14:11.095|~|200|~|/test?pcid=GLLIEG&siteid=13
2019-09-21T17:14:11.095|~|200|~|/test?pcid=JCEBBC&siteid=3
2019-09-21T17:14:11.095|~|200|~|/test?pcid=IGIDLB&siteid=5
2019-09-21T17:14:11.095|~|200|~|/test?pcid=GLLIEG&siteid=11
2019-09-21T17:14:11.095|~|200|~|/test?pcid=HIJFLA&siteid=17
2019-09-21T17:14:11.095|~|200|~|/test?pcid=DEIBAH&siteid=16
2019-09-21T17:14:11.095|~|200|~|/test?pcid=HIJMEC&siteid=10
2019-09-21T17:14:11.095|~|200|~|/test?pcid=HIJMEC&siteid=17
2019-09-21T17:14:11.095|~|200|~|/test?pcid=HIJMEC&siteid=14
2019-09-21T17:14:11.095|~|200|~|/test?pcid=DEIBAH&siteid=5
2019-09-21T17:14:11.095|~|200|~|/test?pcid=KJLAKG&siteid=11
2019-09-21T17:14:11.095|~|200|~|/test?pcid=GLLIEG&siteid=5
2019-09-21T17:14:11.095|~|200|~|/test?pcid=IGIDLB&siteid=13
2019-09-21T17:14:11.095|~|200|~|/test?pcid=DEIBAH&siteid=8
2019-09-21T17:14:11.095|~|200|~|/test?pcid=HIJMEC&siteid=7
2019-09-21T17:14:11.095|~|200|~|/test?pcid=FHEIKI&siteid=10
2019-09-21T17:14:11.095|~|200|~|/test?pcid=DEIBAH&siteid=9
2019-09-21T17:14:11.095|~|200|~|/test?pcid=HIJMEC&siteid=13
2019-09-21T17:14:11.096|~|200|~|/test?pcid=KJLAKG&siteid=10
2019-09-21T17:14:11.096|~|200|~|/test?pcid=GLLIEG&siteid=18
2019-09-21T17:14:11.096|~|200|~|/test?pcid=FHEIKI&siteid=17
2019-09-21T17:14:11.096|~|200|~|/test?pcid=DEIBAH&siteid=12
2019-09-21T17:14:11.096|~|200|~|/test?pcid=IIIJCD&siteid=15
2019-09-21T17:14:11.096|~|200|~|/test?pcid=IIIJCD&siteid=9
2019-09-21T17:14:11.096|~|200|~|/test?pcid=HIJFLA&siteid=0
2019-09-21T17:14:11.096|~|200|~|/test?pcid=HMGBDE&siteid=15
2019-09-21T17:14:11.096|~|200|~|/test?pcid=HIJFLA&siteid=2
2019-09-21T17:14:11.096|~|200|~|/test?pcid=HIJFLA&siteid=6
2019-09-21T17:14:11.096|~|200|~|/test?pcid=HIJFLA&siteid=12
2019-09-21T17:14:11.096|~|200|~|/test?pcid=IIIJCD&siteid=9
2019-09-21T17:14:11.096|~|200|~|/test?pcid=IGIDLB&siteid=14
2019-09-21T17:14:11.096|~|200|~|/test?pcid=JCEBBC&siteid=6
2019-09-21T17:14:11.096|~|200|~|/test?pcid=FHEIKI&siteid=4
2019-09-21T17:14:11.096|~|200|~|/test?pcid=HIJMEC&siteid=2
2019-09-21T17:14:11.096|~|200|~|/test?pcid=KJLAKG&siteid=17
2019-09-21T17:14:11.096|~|200|~|/test?pcid=IIIJCD&siteid=1
2019-09-21T17:14:11.096|~|200|~|/test?pcid=IIIJCD&siteid=9
2019-09-21T17:14:11.097|~|200|~|/test?pcid=IGIDLB&siteid=12
2019-09-21T17:14:11.097|~|200|~|/test?pcid=HMGBDE&siteid=5
2019-09-21T17:14:11.097|~|200|~|/test?pcid=IIIJCD&siteid=12
2019-09-21T17:14:11.097|~|200|~|/test?pcid=DEIBAH&siteid=1
2019-09-21T17:14:11.097|~|200|~|/test?pcid=JCEBBC&siteid=15
2019-09-21T17:14:11.097|~|200|~|/test?pcid=IGIDLB&siteid=4
2019-09-21T17:14:11.097|~|200|~|/test?pcid=FHEIKI&siteid=15
2019-09-21T17:14:11.097|~|200|~|/test?pcid=DEIBAH&siteid=13
2019-09-21T17:14:11.097|~|200|~|/test?pcid=JCEBBC&siteid=14
2019-09-21T17:14:11.097|~|200|~|/test?pcid=HMGBDE&siteid=0
2019-09-21T17:14:11.097|~|200|~|/test?pcid=GLLIEG&siteid=18
2019-09-21T17:14:11.097|~|200|~|/test?pcid=DEIBAH&siteid=9
2019-09-21T17:14:11.097|~|200|~|/test?pcid=DEIBAH&siteid=10
2019-09-21T17:14:11.097|~|200|~|/test?pcid=FHEIKI&siteid=16
2019-09-21T17:14:11.097|~|200|~|/test?pcid=GLLIEG&siteid=12
2019-09-21T17:14:11.097|~|200|~|/test?pcid=KJLAKG&siteid=8
2019-09-21T17:14:11.097|~|200|~|/test?pcid=GLLIEG&siteid=15
2019-09-21T17:14:11.097|~|200|~|/test?pcid=HIJMEC&siteid=16
2019-09-21T17:14:11.097|~|200|~|/test?pcid=GLLIEG&siteid=5
2019-09-21T17:14:11.097|~|200|~|/test?pcid=GLLIEG&siteid=10
2019-09-21T17:14:11.097|~|200|~|/test?pcid=KJLAKG&siteid=19
2019-09-21T17:14:11.098|~|200|~|/test?pcid=IGIDLB&siteid=13
2019-09-21T17:14:11.098|~|200|~|/test?pcid=HIJMEC&siteid=4
2019-09-21T17:14:11.098|~|200|~|/test?pcid=HMGBDE&siteid=12
2019-09-21T17:14:11.098|~|200|~|/test?pcid=FHEIKI&siteid=12
2019-09-21T17:14:11.098|~|200|~|/test?pcid=FHEIKI&siteid=19
2019-09-21T17:14:11.098|~|200|~|/test?pcid=GLLIEG&siteid=18
2019-09-21T17:14:11.098|~|200|~|/test?pcid=JCEBBC&siteid=16
2019-09-21T17:14:11.098|~|200|~|/test?pcid=JCEBBC&siteid=1
2019-09-21T17:14:11.098|~|200|~|/test?pcid=JCEBBC&siteid=17
2019-09-21T17:14:11.098|~|200|~|/test?pcid=IIIJCD&siteid=19
2019-09-21T17:14:11.098|~|200|~|/test?pcid=GLLIEG&siteid=0
2019-09-21T17:14:11.098|~|200|~|/test?pcid=HIJMEC&siteid=7
2019-09-21T17:14:11.098|~|200|~|/test?pcid=HIJFLA&siteid=18
2019-09-21T17:14:11.098|~|200|~|/test?pcid=FHEIKI&siteid=4
2019-09-21T17:14:11.098|~|200|~|/test?pcid=JCEBBC&siteid=17
2019-09-21T17:14:11.098|~|200|~|/test?pcid=IGIDLB&siteid=19
2019-09-21T17:14:11.098|~|200|~|/test?pcid=FHEIKI&siteid=14
2019-09-21T17:14:11.098|~|200|~|/test?pcid=HIJMEC&siteid=17
2019-09-21T17:14:11.098|~|200|~|/test?pcid=JCEBBC&siteid=0
2019-09-21T17:14:11.098|~|200|~|/test?pcid=HMGBDE&siteid=9
2019-09-21T17:14:11.098|~|200|~|/test?pcid=JCEBBC&siteid=3
2019-09-21T17:14:11.099|~|200|~|/test?pcid=DEIBAH&siteid=7
2019-09-21T17:14:11.099|~|200|~|/test?pcid=IIIJCD&siteid=15
2019-09-21T17:14:11.099|~|200|~|/test?pcid=KJLAKG&siteid=19
2019-09-21T17:14:11.099|~|200|~|/test?pcid=IIIJCD&siteid=2
2019-09-21T17:14:11.099|~|200|~|/test?pcid=HMGBDE&siteid=0
2019-09-21T17:14:11.099|~|200|~|/test?pcid=IGIDLB&siteid=1
2019-09-21T17:14:11.099|~|200|~|/test?pcid=DEIBAH&siteid=7
2019-09-21T17:14:11.099|~|200|~|/test?pcid=DEIBAH&siteid=3
2019-09-21T17:14:11.099|~|200|~|/test?pcid=FHEIKI&siteid=11
2019-09-21T17:14:11.099|~|200|~|/test?pcid=DEIBAH&siteid=10
2019-09-21T17:14:11.099|~|200|~|/test?pcid=HIJMEC&siteid=15
2019-09-21T17:14:11.099|~|200|~|/test?pcid=GLLIEG&siteid=6
2019-09-21T17:14:11.099|~|200|~|/test?pcid=FHEIKI&siteid=19
2019-09-21T17:14:11.099|~|200|~|/test?pcid=IIIJCD&siteid=4
2019-09-21T17:14:11.099|~|200|~|/test?pcid=DEIBAH&siteid=13
2019-09-21T17:14:11.099|~|200|~|/test?pcid=GLLIEG&siteid=17
2019-09-21T17:14:11.099|~|200|~|/test?pcid=IGIDLB&siteid=18
2019-09-21T17:14:11.099|~|200|~|/test?pcid=IGIDLB&siteid=5
2019-09-21T17:14:11.099|~|200|~|/test?pcid=KJLAKG&siteid=12
2019-09-21T17:14:11.099|~|200|~|/test?pcid=IIIJCD&siteid=2
2019-09-21T17:14:11.099|~|200|~|/test?pcid=HIJMEC&siteid=0
2019-09-21T17:14:11.099|~|200|~|/test?pcid=DEIBAH&siteid=15
2019-09-21T17:14:11.100|~|200|~|/test?pcid=JCEBBC&siteid=8
2019-09-21T17:14:11.100|~|200|~|/test?pcid=HIJMEC&siteid=16
2019-09-21T17:14:11.100|~|200|~|/test?pcid=FHEIKI&siteid=9
2019-09-21T17:14:11.100|~|200|~|/test?pcid=KJLAKG&siteid=3
2019-09-21T17:14:11.100|~|200|~|/test?pcid=HIJMEC&siteid=14
2019-09-21T17:14:11.100|~|200|~|/test?pcid=KJLAKG&siteid=7
2019-09-21T17:14:11.100|~|200|~|/test?pcid=FHEIKI&siteid=4
2019-09-21T17:14:11.100|~|200|~|/test?pcid=GLLIEG&siteid=0
2019-09-21T17:14:11.100|~|200|~|/test?pcid=FHEIKI&siteid=19
2019-09-21T17:14:11.100|~|200|~|/test?pcid=KJLAKG&siteid=19
2019-09-21T17:14:11.100|~|200|~|/test?pcid=HIJFLA&siteid=17
2019-09-21T17:14:11.100|~|200|~|/test?pcid=GLLIEG&siteid=10
2019-09-21T17:14:11.101|~|200|~|/test?pcid=IGIDLB&siteid=3
2019-09-21T17:14:11.101|~|200|~|/test?pcid=IGIDLB&siteid=12
2019-09-21T17:14:11.101|~|200|~|/test?pcid=HIJMEC&siteid=19
2019-09-21T17:14:11.101|~|200|~|/test?pcid=KJLAKG&siteid=7
2019-09-21T17:14:11.101|~|200|~|/test?pcid=GLLIEG&siteid=8
2019-09-21T17:14:11.101|~|200|~|/test?pcid=DEIBAH&siteid=7
2019-09-21T17:14:11.101|~|200|~|/test?pcid=HIJMEC&siteid=9
2019-09-21T17:14:11.101|~|200|~|/test?pcid=FHEIKI&siteid=0
2019-09-21T17:14:11.101|~|200|~|/test?pcid=HIJFLA&siteid=4
2019-09-21T17:14:11.101|~|200|~|/test?pcid=FHEIKI&siteid=0
2019-09-21T17:14:11.101|~|200|~|/test?pcid=KJLAKG&siteid=14
2019-09-21T17:14:11.101|~|200|~|/test?pcid=IIIJCD&siteid=6
2019-09-21T17:14:11.101|~|200|~|/test?pcid=JCEBBC&siteid=2
2019-09-21T17:14:11.101|~|200|~|/test?pcid=FHEIKI&siteid=4
2019-09-21T17:14:11.101|~|200|~|/test?pcid=HMGBDE&siteid=7
2019-09-21T17:14:11.101|~|200|~|/test?pcid=HIJMEC&siteid=16
2019-09-21T17:14:11.101|~|200|~|/test?pcid=HMGBDE&siteid=7
2019-09-21T17:14:11.101|~|200|~|/test?pcid=GLLIEG&siteid=9
2019-09-21T17:14:11.101|~|200|~|/test?pcid=IGIDLB&siteid=17
2019-09-21T17:14:11.101|~|200|~|/test?pcid=HIJFLA&siteid=0
2019-09-21T17:14:11.101|~|200|~|/test?pcid=KJLAKG&siteid=15
2019-09-21T17:14:11.101|~|200|~|/test?pcid=KJLAKG&siteid=11
2019-09-21T17:14:11.101|~|200|~|/test?pcid=KJLAKG&siteid=6
2019-09-21T17:14:11.101|~|200|~|/test?pcid=JCEBBC&siteid=9
2019-09-21T17:14:11.102|~|200|~|/test?pcid=GLLIEG&siteid=9
2019-09-21T17:14:11.102|~|200|~|/test?pcid=FHEIKI&siteid=8
2019-09-21T17:14:11.102|~|200|~|/test?pcid=IGIDLB&siteid=1
2019-09-21T17:14:11.102|~|200|~|/test?pcid=DEIBAH&siteid=5
2019-09-21T17:14:11.102|~|200|~|/test?pcid=DEIBAH&siteid=17
2019-09-21T17:14:11.102|~|200|~|/test?pcid=JCEBBC&siteid=1
2019-09-21T17:14:11.102|~|200|~|/test?pcid=HIJFLA&siteid=4
2019-09-21T17:14:11.102|~|200|~|/test?pcid=JCEBBC&siteid=16
2019-09-21T17:14:11.102|~|200|~|/test?pcid=HIJFLA&siteid=17
2019-09-21T17:14:11.102|~|200|~|/test?pcid=HIJMEC&siteid=6
2019-09-21T17:14:11.102|~|200|~|/test?pcid=FHEIKI&siteid=2
2019-09-21T17:14:11.102|~|200|~|/test?pcid=IIIJCD&siteid=18
2019-09-21T17:14:11.102|~|200|~|/test?pcid=FHEIKI&siteid=13
2019-09-21T17:14:11.102|~|200|~|/test?pcid=JCEBBC&siteid=2
2019-09-21T17:14:11.102|~|200|~|/test?pcid=HIJMEC&siteid=0
2019-09-21T17:14:11.102|~|200|~|/test?pcid=KJLAKG&siteid=5
2019-09-21T17:14:11.102|~|200|~|/test?pcid=GLLIEG&siteid=5
2019-09-21T17:14:11.102|~|200|~|/test?pcid=HIJMEC&siteid=18
2019-09-21T17:14:11.102|~|200|~|/test?pcid=HMGBDE&siteid=14
2019-09-21T17:14:11.102|~|200|~|/test?pcid=HMGBDE&siteid=5
2019-09-21T17:14:11.102|~|200|~|/test?pcid=IIIJCD&siteid=4
2019-09-21T17:14:11.102|~|200|~|/test?pcid=KJLAKG&siteid=9
2019-09-21T17:14:11.103|~|200|~|/test?pcid=HIJFLA&siteid=12
2019-09-21T17:14:11.103|~|200|~|/test?pcid=IIIJCD&siteid=0
2019-09-21T17:14:11.103|~|200|~|/test?pcid=DEIBAH&siteid=19
2019-09-21T17:14:11.103|~|200|~|/test?pcid=IGIDLB&siteid=10
2019-09-21T17:14:11.103|~|200|~|/test?pcid=HIJMEC&siteid=11
2019-09-21T17:14:11.103|~|200|~|/test?pcid=HMGBDE&siteid=4
2019-09-21T17:14:11.103|~|200|~|/test?pcid=IIIJCD&siteid=13
2019-09-21T17:14:11.103|~|200|~|/test?pcid=JCEBBC&siteid=14
2019-09-21T17:14:11.103|~|200|~|/test?pcid=IGIDLB&siteid=3
2019-09-21T17:14:11.103|~|200|~|/test?pcid=JCEBBC&siteid=5
2019-09-21T17:14:11.103|~|200|~|/test?pcid=FHEIKI&siteid=18
2019-09-21T17:14:11.103|~|200|~|/test?pcid=IIIJCD&siteid=11
2019-09-21T17:14:11.103|~|200|~|/test?pcid=HIJMEC&siteid=2
2019-09-21T17:14:11.103|~|200|~|/test?pcid=GLLIEG&siteid=14
2019-09-21T17:14:11.103|~|200|~|/test?pcid=HIJFLA&siteid=0
2019-09-21T17:14:11.103|~|200|~|/test?pcid=IGIDLB&siteid=18
2019-09-21T17:14:11.103|~|200|~|/test?pcid=GLLIEG&siteid=13
2019-09-21T17:14:11.103|~|200|~|/test?pcid=FHEIKI&siteid=9
2019-09-21T17:14:11.103|~|200|~|/test?pcid=JCEBBC&siteid=11
2019-09-21T17:14:11.103|~|200|~|/test?pcid=HIJFLA&siteid=9
2019-09-21T17:14:11.103|~|200|~|/test?pcid=FHEIKI&siteid=6
2019-09-21T17:14:11.103|~|200|~|/test?pcid=JCEBBC&siteid=4
2019-09-21T17:14:11.103|~|200|~|/test?pcid=GLLIEG&siteid=15
2019-09-21T17:14:11.104|~|200|~|/test?pcid=HIJMEC&siteid=19
2019-09-21T17:14:11.104|~|200|~|/test?pcid=KJLAKG&siteid=17
2019-09-21T17:14:11.104|~|200|~|/test?pcid=FHEIKI&siteid=10
2019-09-21T17:14:11.104|~|200|~|/test?pcid=IGIDLB&siteid=17
2019-09-21T17:14:11.104|~|200|~|/test?pcid=HMGBDE&siteid=12
2019-09-21T17:14:11.104|~|200|~|/test?pcid=HIJMEC&siteid=18
2019-09-21T17:14:11.104|~|200|~|/test?pcid=HMGBDE&siteid=6
2019-09-21T17:14:11.104|~|200|~|/test?pcid=DEIBAH&siteid=12
2019-09-21T17:14:11.104|~|200|~|/test?pcid=JCEBBC&siteid=14
2019-09-21T17:14:11.104|~|200|~|/test?pcid=JCEBBC&siteid=11
2019-09-21T17:14:11.104|~|200|~|/test?pcid=HIJFLA&siteid=8
2019-09-21T17:14:11.104|~|200|~|/test?pcid=IIIJCD&siteid=16
2019-09-21T17:14:11.104|~|200|~|/test?pcid=FHEIKI&siteid=8
2019-09-21T17:14:11.104|~|200|~|/test?pcid=HIJMEC&siteid=4
2019-09-21T17:14:11.104|~|200|~|/test?pcid=IGIDLB&siteid=3
2019-09-21T17:14:11.104|~|200|~|/test?pcid=HIJMEC&siteid=8
2019-09-21T17:14:11.104|~|200|~|/test?pcid=KJLAKG&siteid=14
2019-09-21T17:14:11.104|~|200|~|/test?pcid=DEIBAH&siteid=11
2019-09-21T17:14:11.104|~|200|~|/test?pcid=IIIJCD&siteid=3
2019-09-21T17:14:11.104|~|200|~|/test?pcid=HIJFLA&siteid=2
2019-09-21T17:14:11.104|~|200|~|/test?pcid=IIIJCD&siteid=5
2019-09-21T17:14:11.104|~|200|~|/test?pcid=IIIJCD&siteid=4
2019-09-21T17:14:11.104|~|200|~|/test?pcid=HIJMEC&siteid=6
2019-09-21T17:14:11.104|~|200|~|/test?pcid=JCEBBC&siteid=17
2019-09-21T17:14:11.105|~|200|~|/test?pcid=FHEIKI&siteid=5
2019-09-21T17:14:11.105|~|200|~|/test?pcid=IGIDLB&siteid=11
2019-09-21T17:14:11.105|~|200|~|/test?pcid=HMGBDE&siteid=9
2019-09-21T17:14:11.105|~|200|~|/test?pcid=KJLAKG&siteid=13
2019-09-21T17:14:11.105|~|200|~|/test?pcid=IGIDLB&siteid=14
2019-09-21T17:14:11.105|~|200|~|/test?pcid=IGIDLB&siteid=6
2019-09-21T17:14:11.105|~|200|~|/test?pcid=DEIBAH&siteid=1
2019-09-21T17:14:11.105|~|200|~|/test?pcid=KJLAKG&siteid=15
2019-09-21T17:14:11.105|~|200|~|/test?pcid=GLLIEG&siteid=13
2019-09-21T17:14:11.105|~|200|~|/test?pcid=HMGBDE&siteid=16
2019-09-21T17:14:11.105|~|200|~|/test?pcid=IGIDLB&siteid=7
2019-09-21T17:14:11.105|~|200|~|/test?pcid=FHEIKI&siteid=1
2019-09-21T17:14:11.105|~|200|~|/test?pcid=JCEBBC&siteid=15
2019-09-21T17:14:11.105|~|200|~|/test?pcid=IIIJCD&siteid=2
2019-09-21T17:14:11.105|~|200|~|/test?pcid=KJLAKG&siteid=8
2019-09-21T17:14:11.105|~|200|~|/test?pcid=GLLIEG&siteid=0
2019-09-21T17:14:11.105|~|200|~|/test?pcid=HIJMEC&siteid=5
2019-09-21T17:14:11.105|~|200|~|/test?pcid=HMGBDE&siteid=18
2019-09-21T17:14:11.105|~|200|~|/test?pcid=KJLAKG&siteid=19
2019-09-21T17:14:11.105|~|200|~|/test?pcid=IGIDLB&siteid=19
2019-09-21T17:14:11.105|~|200|~|/test?pcid=HIJFLA&siteid=15
2019-09-21T17:14:11.105|~|200|~|/test?pcid=FHEIKI&siteid=18
2019-09-21T17:14:11.105|~|200|~|/test?pcid=FHEIKI&siteid=2
2019-09-21T17:14:11.105|~|200|~|/test?pcid=FHEIKI&siteid=18
2019-09-21T17:14:11.105|~|200|~|/test?pcid=HIJMEC&siteid=18
2019-09-21T17:14:11.105|~|200|~|/test?pcid=HIJMEC&siteid=11
2019-09-21T17:14:11.106|~|200|~|/test?pcid=IGIDLB&siteid=0
2019-09-21T17:14:11.106|~|200|~|/test?pcid=HIJFLA&siteid=19
2019-09-21T17:14:11.106|~|200|~|/test?pcid=KJLAKG&siteid=6
2019-09-21T17:14:11.106|~|200|~|/test?pcid=HMGBDE&siteid=14
2019-09-21T17:14:11.106|~|200|~|/test?pcid=KJLAKG&siteid=17
2019-09-21T17:14:11.106|~|200|~|/test?pcid=FHEIKI&siteid=2
2019-09-21T17:14:11.106|~|200|~|/test?pcid=JCEBBC&siteid=2
2019-09-21T17:14:11.106|~|200|~|/test?pcid=IGIDLB&siteid=17
2019-09-21T17:14:11.106|~|200|~|/test?pcid=HIJFLA&siteid=11
2019-09-21T17:14:11.106|~|200|~|/test?pcid=KJLAKG&siteid=4
2019-09-21T17:14:11.106|~|200|~|/test?pcid=HIJFLA&siteid=4
2019-09-21T17:14:11.106|~|200|~|/test?pcid=JCEBBC&siteid=14
2019-09-21T17:14:11.106|~|200|~|/test?pcid=IIIJCD&siteid=19
2019-09-21T17:14:11.106|~|200|~|/test?pcid=FHEIKI&siteid=7
2019-09-21T17:14:11.106|~|200|~|/test?pcid=GLLIEG&siteid=18
2019-09-21T17:14:11.106|~|200|~|/test?pcid=FHEIKI&siteid=2
2019-09-21T17:14:11.106|~|200|~|/test?pcid=KJLAKG&siteid=16
2019-09-21T17:14:11.106|~|200|~|/test?pcid=GLLIEG&siteid=18
2019-09-21T17:14:11.106|~|200|~|/test?pcid=DEIBAH&siteid=8
2019-09-21T17:14:11.106|~|200|~|/test?pcid=IIIJCD&siteid=9
2019-09-21T17:14:11.106|~|200|~|/test?pcid=KJLAKG&siteid=1
2019-09-21T17:14:11.106|~|200|~|/test?pcid=GLLIEG&siteid=3
2019-09-21T17:14:11.106|~|200|~|/test?pcid=HIJFLA&siteid=9
2019-09-21T17:14:11.106|~|200|~|/test?pcid=JCEBBC&siteid=11
2019-09-21T17:14:11.106|~|200|~|/test?pcid=FHEIKI&siteid=7
2019-09-21T17:14:11.107|~|200|~|/test?pcid=KJLAKG&siteid=13
2019-09-21T17:14:11.107|~|200|~|/test?pcid=IIIJCD&siteid=8
2019-09-21T17:14:11.107|~|200|~|/test?pcid=HMGBDE&siteid=12
2019-09-21T17:14:11.107|~|200|~|/test?pcid=GLLIEG&siteid=10
2019-09-21T17:14:11.107|~|200|~|/test?pcid=JCEBBC&siteid=14
2019-09-21T17:14:11.107|~|200|~|/test?pcid=IGIDLB&siteid=4
2019-09-21T17:14:11.107|~|200|~|/test?pcid=GLLIEG&siteid=16
2019-09-21T17:14:11.107|~|200|~|/test?pcid=HMGBDE&siteid=14
2019-09-21T17:14:11.107|~|200|~|/test?pcid=DEIBAH&siteid=4
2019-09-21T17:14:11.107|~|200|~|/test?pcid=FHEIKI&siteid=13
2019-09-21T17:14:11.107|~|200|~|/test?pcid=JCEBBC&siteid=12
2019-09-21T17:14:11.107|~|200|~|/test?pcid=JCEBBC&siteid=5
2019-09-21T17:14:11.107|~|200|~|/test?pcid=GLLIEG&siteid=7
2019-09-21T17:14:11.107|~|200|~|/test?pcid=HMGBDE&siteid=10
2019-09-21T17:14:11.107|~|200|~|/test?pcid=DEIBAH&siteid=3
2019-09-21T17:14:11.107|~|200|~|/test?pcid=KJLAKG&siteid=5
2019-09-21T17:14:11.107|~|200|~|/test?pcid=IGIDLB&siteid=2
2019-09-21T17:14:11.107|~|200|~|/test?pcid=KJLAKG&siteid=5
2019-09-21T17:14:11.107|~|200|~|/test?pcid=GLLIEG&siteid=8
2019-09-21T17:14:11.107|~|200|~|/test?pcid=HIJMEC&siteid=9
2019-09-21T17:14:11.107|~|200|~|/test?pcid=GLLIEG&siteid=17
2019-09-21T17:14:11.107|~|200|~|/test?pcid=IIIJCD&siteid=1
2019-09-21T17:14:11.107|~|200|~|/test?pcid=GLLIEG&siteid=17
2019-09-21T17:14:11.107|~|200|~|/test?pcid=DEIBAH&siteid=4
2019-09-21T17:14:11.107|~|200|~|/test?pcid=DEIBAH&siteid=6
2019-09-21T17:14:11.107|~|200|~|/test?pcid=IGIDLB&siteid=5
2019-09-21T17:14:11.107|~|200|~|/test?pcid=IGIDLB&siteid=14
2019-09-21T17:14:11.107|~|200|~|/test?pcid=DEIBAH&siteid=1
2019-09-21T17:14:11.107|~|200|~|/test?pcid=JCEBBC&siteid=13
2019-09-21T17:14:11.108|~|200|~|/test?pcid=IGIDLB&siteid=2
2019-09-21T17:14:11.108|~|200|~|/test?pcid=IIIJCD&siteid=6
2019-09-21T17:14:11.108|~|200|~|/test?pcid=GLLIEG&siteid=0
2019-09-21T17:14:11.108|~|200|~|/test?pcid=DEIBAH&siteid=6
2019-09-21T17:14:11.108|~|200|~|/test?pcid=HMGBDE&siteid=12
2019-09-21T17:14:11.108|~|200|~|/test?pcid=JCEBBC&siteid=12
2019-09-21T17:14:11.108|~|200|~|/test?pcid=JCEBBC&siteid=13
2019-09-21T17:14:11.108|~|200|~|/test?pcid=DEIBAH&siteid=19
2019-09-21T17:14:11.108|~|200|~|/test?pcid=IIIJCD&siteid=8
2019-09-21T17:14:11.108|~|200|~|/test?pcid=HMGBDE&siteid=19
2019-09-21T17:14:11.108|~|200|~|/test?pcid=IGIDLB&siteid=10
2019-09-21T17:14:11.108|~|200|~|/test?pcid=HMGBDE&siteid=19
2019-09-21T17:14:11.108|~|200|~|/test?pcid=DEIBAH&siteid=3
2019-09-21T17:14:11.108|~|200|~|/test?pcid=FHEIKI&siteid=5
2019-09-21T17:14:11.108|~|200|~|/test?pcid=KJLAKG&siteid=10
2019-09-21T17:14:11.108|~|200|~|/test?pcid=DEIBAH&siteid=4
2019-09-21T17:14:11.108|~|200|~|/test?pcid=IGIDLB&siteid=17
2019-09-21T17:14:11.108|~|200|~|/test?pcid=IIIJCD&siteid=2
2019-09-21T17:14:11.108|~|200|~|/test?pcid=HIJFLA&siteid=1
2019-09-21T17:14:11.108|~|200|~|/test?pcid=KJLAKG&siteid=11
2019-09-21T17:14:11.108|~|200|~|/test?pcid=FHEIKI&siteid=2
2019-09-21T17:14:11.108|~|200|~|/test?pcid=HMGBDE&siteid=18
2019-09-21T17:14:11.108|~|200|~|/test?pcid=JCEBBC&siteid=14
2019-09-21T17:14:11.108|~|200|~|/test?pcid=DEIBAH&siteid=4
2019-09-21T17:14:11.108|~|200|~|/test?pcid=FHEIKI&siteid=15
2019-09-21T17:14:11.108|~|200|~|/test?pcid=IGIDLB&siteid=1
2019-09-21T17:14:11.108|~|200|~|/test?pcid=KJLAKG&siteid=11
2019-09-21T17:14:11.108|~|200|~|/test?pcid=HIJMEC&siteid=13
2019-09-21T17:14:11.109|~|200|~|/test?pcid=IIIJCD&siteid=3
2019-09-21T17:14:11.109|~|200|~|/test?pcid=FHEIKI&siteid=19
2019-09-21T17:14:11.109|~|200|~|/test?pcid=HMGBDE&siteid=16
2019-09-21T17:14:11.109|~|200|~|/test?pcid=DEIBAH&siteid=1
2019-09-21T17:14:11.109|~|200|~|/test?pcid=HMGBDE&siteid=19
2019-09-21T17:14:11.109|~|200|~|/test?pcid=KJLAKG&siteid=13
2019-09-21T17:14:11.109|~|200|~|/test?pcid=GLLIEG&siteid=0
2019-09-21T17:14:11.109|~|200|~|/test?pcid=HIJMEC&siteid=6
2019-09-21T17:14:11.109|~|200|~|/test?pcid=HMGBDE&siteid=7
2019-09-21T17:14:11.109|~|200|~|/test?pcid=JCEBBC&siteid=19
2019-09-21T17:14:11.109|~|200|~|/test?pcid=KJLAKG&siteid=6
2019-09-21T17:14:11.109|~|200|~|/test?pcid=HIJMEC&siteid=12
2019-09-21T17:14:11.109|~|200|~|/test?pcid=HMGBDE&siteid=12
2019-09-21T17:14:11.109|~|200|~|/test?pcid=IGIDLB&siteid=8
2019-09-21T17:14:11.109|~|200|~|/test?pcid=HIJFLA&siteid=4
2019-09-21T17:14:11.109|~|200|~|/test?pcid=KJLAKG&siteid=4
2019-09-21T17:14:11.109|~|200|~|/test?pcid=HIJMEC&siteid=19
2019-09-21T17:14:11.109|~|200|~|/test?pcid=HMGBDE&siteid=15
2019-09-21T17:14:11.109|~|200|~|/test?pcid=GLLIEG&siteid=4
2019-09-21T17:14:11.109|~|200|~|/test?pcid=IIIJCD&siteid=6
2019-09-21T17:14:11.109|~|200|~|/test?pcid=HIJFLA&siteid=16
2019-09-21T17:14:11.109|~|200|~|/test?pcid=HIJFLA&siteid=3
2019-09-21T17:14:11.109|~|200|~|/test?pcid=HIJMEC&siteid=2
2019-09-21T17:14:11.109|~|200|~|/test?pcid=DEIBAH&siteid=12
2019-09-21T17:14:11.109|~|200|~|/test?pcid=DEIBAH&siteid=5
2019-09-21T17:14:11.109|~|200|~|/test?pcid=HIJFLA&siteid=13
2019-09-21T17:14:11.109|~|200|~|/test?pcid=JCEBBC&siteid=4
2019-09-21T17:14:11.109|~|200|~|/test?pcid=IIIJCD&siteid=1
2019-09-21T17:14:11.109|~|200|~|/test?pcid=IIIJCD&siteid=1
2019-09-21T17:14:11.109|~|200|~|/test?pcid=DEIBAH&siteid=7
2019-09-21T17:14:11.110|~|200|~|/test?pcid=FHEIKI&siteid=4
2019-09-21T17:14:11.110|~|200|~|/test?pcid=IIIJCD&siteid=19
2019-09-21T17:14:11.110|~|200|~|/test?pcid=HMGBDE&siteid=15
2019-09-21T17:14:11.110|~|200|~|/test?pcid=IIIJCD&siteid=19
2019-09-21T17:14:11.110|~|200|~|/test?pcid=HIJMEC&siteid=13
2019-09-21T17:14:11.110|~|200|~|/test?pcid=HMGBDE&siteid=2
2019-09-21T17:14:11.110|~|200|~|/test?pcid=JCEBBC&siteid=11
2019-09-21T17:14:11.110|~|200|~|/test?pcid=IGIDLB&siteid=19
2019-09-21T17:14:11.110|~|200|~|/test?pcid=DEIBAH&siteid=8
2019-09-21T17:14:11.110|~|200|~|/test?pcid=IIIJCD&siteid=1
2019-09-21T17:14:11.110|~|200|~|/test?pcid=IGIDLB&siteid=14
2019-09-21T17:14:11.110|~|200|~|/test?pcid=HMGBDE&siteid=2
2019-09-21T17:14:11.110|~|200|~|/test?pcid=KJLAKG&siteid=13
2019-09-21T17:14:11.110|~|200|~|/test?pcid=HMGBDE&siteid=12
2019-09-21T17:14:11.110|~|200|~|/test?pcid=HMGBDE&siteid=2
2019-09-21T17:14:11.110|~|200|~|/test?pcid=FHEIKI&siteid=12
2019-09-21T17:14:11.110|~|200|~|/test?pcid=DEIBAH&siteid=3
2019-09-21T17:14:11.110|~|200|~|/test?pcid=IGIDLB&siteid=18
2019-09-21T17:14:11.110|~|200|~|/test?pcid=HMGBDE&siteid=19
2019-09-21T17:14:11.110|~|200|~|/test?pcid=KJLAKG&siteid=2
2019-09-21T17:14:11.110|~|200|~|/test?pcid=DEIBAH&siteid=15
2019-09-21T17:14:11.110|~|200|~|/test?pcid=FHEIKI&siteid=8
2019-09-21T17:14:11.110|~|200|~|/test?pcid=HMGBDE&siteid=7
2019-09-21T17:14:11.110|~|200|~|/test?pcid=HMGBDE&siteid=4
2019-09-21T17:14:11.110|~|200|~|/test?pcid=GLLIEG&siteid=3
2019-09-21T17:14:11.110|~|200|~|/test?pcid=JCEBBC&siteid=18
2019-09-21T17:14:11.110|~|200|~|/test?pcid=HIJFLA&siteid=7
2019-09-21T17:14:11.111|~|200|~|/test?pcid=JCEBBC&siteid=2
2019-09-21T17:14:11.111|~|200|~|/test?pcid=FHEIKI&siteid=2
2019-09-21T17:14:11.111|~|200|~|/test?pcid=IIIJCD&siteid=7
2019-09-21T17:14:11.111|~|200|~|/test?pcid=HMGBDE&siteid=3
2019-09-21T17:14:11.111|~|200|~|/test?pcid=GLLIEG&siteid=15
2019-09-21T17:14:11.111|~|200|~|/test?pcid=HMGBDE&siteid=6
2019-09-21T17:14:11.111|~|200|~|/test?pcid=GLLIEG&siteid=19
2019-09-21T17:14:11.111|~|200|~|/test?pcid=HIJMEC&siteid=12
2019-09-21T17:14:11.111|~|200|~|/test?pcid=FHEIKI&siteid=10
2019-09-21T17:14:11.111|~|200|~|/test?pcid=DEIBAH&siteid=1
2019-09-21T17:14:11.111|~|200|~|/test?pcid=IIIJCD&siteid=19
2019-09-21T17:14:11.111|~|200|~|/test?pcid=JCEBBC&siteid=7
2019-09-21T17:14:11.111|~|200|~|/test?pcid=FHEIKI&siteid=12
2019-09-21T17:14:11.111|~|200|~|/test?pcid=HIJMEC&siteid=7
2019-09-21T17:14:11.111|~|200|~|/test?pcid=IIIJCD&siteid=17
2019-09-21T17:14:11.111|~|200|~|/test?pcid=DEIBAH&siteid=1
2019-09-21T17:14:11.111|~|200|~|/test?pcid=FHEIKI&siteid=7
2019-09-21T17:14:11.111|~|200|~|/test?pcid=JCEBBC&siteid=19
2019-09-21T17:14:11.111|~|200|~|/test?pcid=KJLAKG&siteid=6
2019-09-21T17:14:11.111|~|200|~|/test?pcid=FHEIKI&siteid=4
2019-09-21T17:14:11.111|~|200|~|/test?pcid=GLLIEG&siteid=16
2019-09-21T17:14:11.111|~|200|~|/test?pcid=GLLIEG&siteid=1
2019-09-21T17:14:11.111|~|200|~|/test?pcid=GLLIEG&siteid=18
2019-09-21T17:14:11.111|~|200|~|/test?pcid=HIJFLA&siteid=11
2019-09-21T17:14:11.111|~|200|~|/test?pcid=JCEBBC&siteid=18
2019-09-21T17:14:11.111|~|200|~|/test?pcid=IGIDLB&siteid=9
2019-09-21T17:14:11.111|~|200|~|/test?pcid=FHEIKI&siteid=12
2019-09-21T17:14:11.111|~|200|~|/test?pcid=HIJFLA&siteid=19
2019-09-21T17:14:11.111|~|200|~|/test?pcid=JCEBBC&siteid=8
2019-09-21T17:14:11.111|~|200|~|/test?pcid=KJLAKG&siteid=6
2019-09-21T17:14:11.111|~|200|~|/test?pcid=IIIJCD&siteid=18
2019-09-21T17:14:11.111|~|200|~|/test?pcid=HIJFLA&siteid=7
2019-09-21T17:14:11.112|~|200|~|/test?pcid=KJLAKG&siteid=16
2019-09-21T17:14:11.112|~|200|~|/test?pcid=IIIJCD&siteid=1
2019-09-21T17:14:11.112|~|200|~|/test?pcid=JCEBBC&siteid=2
2019-09-21T17:14:11.112|~|200|~|/test?pcid=HMGBDE&siteid=12
2019-09-21T17:14:11.112|~|200|~|/test?pcid=DEIBAH&siteid=3
2019-09-21T17:14:11.112|~|200|~|/test?pcid=HIJFLA&siteid=19
2019-09-21T17:14:11.112|~|200|~|/test?pcid=FHEIKI&siteid=2
2019-09-21T17:14:11.112|~|200|~|/test?pcid=HIJFLA&siteid=16
2019-09-21T17:14:11.112|~|200|~|/test?pcid=HIJFLA&siteid=15
2019-09-21T17:14:11.112|~|200|~|/test?pcid=HIJFLA&siteid=16
2019-09-21T17:14:11.112|~|200|~|/test?pcid=HIJFLA&siteid=6
2019-09-21T17:14:11.112|~|200|~|/test?pcid=DEIBAH&siteid=1
2019-09-21T17:14:11.112|~|200|~|/test?pcid=DEIBAH&siteid=4
2019-09-21T17:14:11.112|~|200|~|/test?pcid=DEIBAH&siteid=4
2019-09-21T17:14:11.112|~|200|~|/test?pcid=HMGBDE&siteid=14
2019-09-21T17:14:11.112|~|200|~|/test?pcid=IIIJCD&siteid=3
2019-09-21T17:14:11.112|~|200|~|/test?pcid=FHEIKI&siteid=13
2019-09-21T17:14:11.112|~|200|~|/test?pcid=GLLIEG&siteid=11
2019-09-21T17:14:11.112|~|200|~|/test?pcid=IGIDLB&siteid=16
2019-09-21T17:14:11.112|~|200|~|/test?pcid=IIIJCD&siteid=8
2019-09-21T17:14:11.112|~|200|~|/test?pcid=KJLAKG&siteid=14
2019-09-21T17:14:11.112|~|200|~|/test?pcid=HMGBDE&siteid=18
2019-09-21T17:14:11.112|~|200|~|/test?pcid=IIIJCD&siteid=10
2019-09-21T17:14:11.112|~|200|~|/test?pcid=JCEBBC&siteid=8
2019-09-21T17:14:11.112|~|200|~|/test?pcid=GLLIEG&siteid=7
2019-09-21T17:14:11.112|~|200|~|/test?pcid=HIJMEC&siteid=8
2019-09-21T17:14:11.112|~|200|~|/test?pcid=HIJMEC&siteid=0
2019-09-21T17:14:11.112|~|200|~|/test?pcid=JCEBBC&siteid=16
2019-09-21T17:14:11.112|~|200|~|/test?pcid=HIJMEC&siteid=8
2019-09-21T17:14:11.112|~|200|~|/test?pcid=IGIDLB&siteid=3
2019-09-21T17:14:11.112|~|200|~|/test?pcid=DEIBAH&siteid=18
2019-09-21T17:14:11.112|~|200|~|/test?pcid=JCEBBC&siteid=13
2019-09-21T17:14:11.112|~|200|~|/test?pcid=HIJFLA&siteid=13
2019-09-21T17:14:11.113|~|200|~|/test?pcid=FHEIKI&siteid=10
2019-09-21T17:14:11.113|~|200|~|/test?pcid=GLLIEG&siteid=18
2019-09-21T17:14:11.113|~|200|~|/test?pcid=IGIDLB&siteid=16
2019-09-21T17:14:11.113|~|200|~|/test?pcid=KJLAKG&siteid=6
2019-09-21T17:14:11.113|~|200|~|/test?pcid=HIJMEC&siteid=11
2019-09-21T17:14:11.113|~|200|~|/test?pcid=JCEBBC&siteid=13
2019-09-21T17:14:11.113|~|200|~|/test?pcid=GLLIEG&siteid=15
2019-09-21T17:14:11.113|~|200|~|/test?pcid=HIJMEC&siteid=2
2019-09-21T17:14:11.113|~|200|~|/test?pcid=DEIBAH&siteid=9
2019-09-21T17:14:11.113|~|200|~|/test?pcid=HIJMEC&siteid=16
2019-09-21T17:14:11.113|~|200|~|/test?pcid=GLLIEG&siteid=9
2019-09-21T17:14:11.113|~|200|~|/test?pcid=JCEBBC&siteid=11
2019-09-21T17:14:11.113|~|200|~|/test?pcid=IIIJCD&siteid=15
2019-09-21T17:14:11.113|~|200|~|/test?pcid=HIJFLA&siteid=11
2019-09-21T17:14:11.113|~|200|~|/test?pcid=JCEBBC&siteid=2
2019-09-21T17:14:11.113|~|200|~|/test?pcid=HMGBDE&siteid=0
2019-09-21T17:14:11.113|~|200|~|/test?pcid=HMGBDE&siteid=19
2019-09-21T17:14:11.113|~|200|~|/test?pcid=JCEBBC&siteid=16
2019-09-21T17:14:11.113|~|200|~|/test?pcid=KJLAKG&siteid=2
2019-09-21T17:14:11.113|~|200|~|/test?pcid=HIJFLA&siteid=9
2019-09-21T17:14:11.113|~|200|~|/test?pcid=KJLAKG&siteid=1
2019-09-21T17:14:11.113|~|200|~|/test?pcid=GLLIEG&siteid=18
2019-09-21T17:14:11.113|~|200|~|/test?pcid=IIIJCD&siteid=15
2019-09-21T17:14:11.113|~|200|~|/test?pcid=GLLIEG&siteid=2
2019-09-21T17:14:11.113|~|200|~|/test?pcid=GLLIEG&siteid=5
2019-09-21T17:14:11.113|~|200|~|/test?pcid=HMGBDE&siteid=9
2019-09-21T17:14:11.113|~|200|~|/test?pcid=GLLIEG&siteid=16
2019-09-21T17:14:11.113|~|200|~|/test?pcid=HMGBDE&siteid=9
2019-09-21T17:14:11.113|~|200|~|/test?pcid=HIJFLA&siteid=16
2019-09-21T17:14:11.113|~|200|~|/test?pcid=HIJFLA&siteid=13
2019-09-21T17:14:11.113|~|200|~|/test?pcid=GLLIEG&siteid=1
2019-09-21T17:14:11.113|~|200|~|/test?pcid=KJLAKG&siteid=16
2019-09-21T17:14:11.113|~|200|~|/test?pcid=FHEIKI&siteid=10
2019-09-21T17:14:11.114|~|200|~|/test?pcid=IIIJCD&siteid=12
2019-09-21T17:14:11.114|~|200|~|/test?pcid=HMGBDE&siteid=4
2019-09-21T17:14:11.114|~|200|~|/test?pcid=GLLIEG&siteid=17
2019-09-21T17:14:11.114|~|200|~|/test?pcid=IGIDLB&siteid=14
2019-09-21T17:14:11.114|~|200|~|/test?pcid=IIIJCD&siteid=3
2019-09-21T17:14:11.114|~|200|~|/test?pcid=HIJFLA&siteid=8
2019-09-21T17:14:11.114|~|200|~|/test?pcid=JCEBBC&siteid=5
2019-09-21T17:14:11.114|~|200|~|/test?pcid=KJLAKG&siteid=17
2019-09-21T17:14:11.114|~|200|~|/test?pcid=KJLAKG&siteid=19
2019-09-21T17:14:11.114|~|200|~|/test?pcid=HIJFLA&siteid=0
2019-09-21T17:14:11.114|~|200|~|/test?pcid=IIIJCD&siteid=14
2019-09-21T17:14:11.114|~|200|~|/test?pcid=DEIBAH&siteid=12
2019-09-21T17:14:11.114|~|200|~|/test?pcid=KJLAKG&siteid=6
2019-09-21T17:14:11.114|~|200|~|/test?pcid=KJLAKG&siteid=7
2019-09-21T17:14:11.114|~|200|~|/test?pcid=KJLAKG&siteid=3
2019-09-21T17:14:11.114|~|200|~|/test?pcid=HIJMEC&siteid=6
2019-09-21T17:14:11.114|~|200|~|/test?pcid=FHEIKI&siteid=12
2019-09-21T17:14:11.114|~|200|~|/test?pcid=FHEIKI&siteid=14
2019-09-21T17:14:11.114|~|200|~|/test?pcid=FHEIKI&siteid=4
2019-09-21T17:14:11.114|~|200|~|/test?pcid=IIIJCD&siteid=5
2019-09-21T17:14:11.114|~|200|~|/test?pcid=IIIJCD&siteid=1
2019-09-21T17:14:11.114|~|200|~|/test?pcid=IGIDLB&siteid=4
2019-09-21T17:14:11.114|~|200|~|/test?pcid=JCEBBC&siteid=2
2019-09-21T17:14:11.114|~|200|~|/test?pcid=HIJFLA&siteid=12
2019-09-21T17:14:11.114|~|200|~|/test?pcid=FHEIKI&siteid=9
2019-09-21T17:14:11.114|~|200|~|/test?pcid=FHEIKI&siteid=11
2019-09-21T17:14:11.114|~|200|~|/test?pcid=IGIDLB&siteid=13
2019-09-21T17:14:11.114|~|200|~|/test?pcid=HIJMEC&siteid=13
2019-09-21T17:14:11.114|~|200|~|/test?pcid=DEIBAH&siteid=9
2019-09-21T17:14:11.114|~|200|~|/test?pcid=HMGBDE&siteid=3
2019-09-21T17:14:11.114|~|200|~|/test?pcid=DEIBAH&siteid=1
2019-09-21T17:14:11.114|~|200|~|/test?pcid=GLLIEG&siteid=5
2019-09-21T17:14:11.114|~|200|~|/test?pcid=KJLAKG&siteid=7
2019-09-21T17:14:11.114|~|200|~|/test?pcid=HMGBDE&siteid=17
2019-09-21T17:14:11.115|~|200|~|/test?pcid=JCEBBC&siteid=16
2019-09-21T17:14:11.115|~|200|~|/test?pcid=IIIJCD&siteid=17
2019-09-21T17:14:11.115|~|200|~|/test?pcid=FHEIKI&siteid=10
2019-09-21T17:14:11.115|~|200|~|/test?pcid=JCEBBC&siteid=6
2019-09-21T17:14:11.115|~|200|~|/test?pcid=JCEBBC&siteid=4
2019-09-21T17:14:11.115|~|200|~|/test?pcid=KJLAKG&siteid=4
2019-09-21T17:14:11.115|~|200|~|/test?pcid=GLLIEG&siteid=18
2019-09-21T17:14:11.115|~|200|~|/test?pcid=HMGBDE&siteid=7
2019-09-21T17:14:11.115|~|200|~|/test?pcid=GLLIEG&siteid=11
2019-09-21T17:14:11.115|~|200|~|/test?pcid=FHEIKI&siteid=18
2019-09-21T17:14:11.115|~|200|~|/test?pcid=KJLAKG&siteid=19
2019-09-21T17:14:11.115|~|200|~|/test?pcid=KJLAKG&siteid=15
2019-09-21T17:14:11.115|~|200|~|/test?pcid=DEIBAH&siteid=15
2019-09-21T17:14:11.115|~|200|~|/test?pcid=DEIBAH&siteid=5
2019-09-21T17:14:11.115|~|200|~|/test?pcid=HIJMEC&siteid=11
2019-09-21T17:14:11.115|~|200|~|/test?pcid=JCEBBC&siteid=14
2019-09-21T17:14:11.115|~|200|~|/test?pcid=FHEIKI&siteid=11
2019-09-21T17:14:11.115|~|200|~|/test?pcid=HIJMEC&siteid=15
2019-09-21T17:14:11.115|~|200|~|/test?pcid=HMGBDE&siteid=9
2019-09-21T17:14:11.115|~|200|~|/test?pcid=KJLAKG&siteid=2
2019-09-21T17:14:11.115|~|200|~|/test?pcid=KJLAKG&siteid=12
2019-09-21T17:14:11.115|~|200|~|/test?pcid=JCEBBC&siteid=3
2019-09-21T17:14:11.115|~|200|~|/test?pcid=HIJMEC&siteid=10
2019-09-21T17:14:11.115|~|200|~|/test?pcid=IIIJCD&siteid=5
2019-09-21T17:14:11.115|~|200|~|/test?pcid=IIIJCD&siteid=7
2019-09-21T17:14:11.115|~|200|~|/test?pcid=FHEIKI&siteid=18
2019-09-21T17:14:11.115|~|200|~|/test?pcid=JCEBBC&siteid=15
2019-09-21T17:14:11.115|~|200|~|/test?pcid=IIIJCD&siteid=11
2019-09-21T17:14:11.115|~|200|~|/test?pcid=HMGBDE&siteid=15
2019-09-21T17:14:11.115|~|200|~|/test?pcid=KJLAKG&siteid=1
2019-09-21T17:14:11.115|~|200|~|/test?pcid=GLLIEG&siteid=5
2019-09-21T17:14:11.115|~|200|~|/test?pcid=FHEIKI&siteid=11
2019-09-21T17:14:11.115|~|200|~|/test?pcid=DEIBAH&siteid=7
2019-09-21T17:14:11.115|~|200|~|/test?pcid=KJLAKG&siteid=3
2019-09-21T17:14:11.116|~|200|~|/test?pcid=IGIDLB&siteid=1
2019-09-21T17:14:11.116|~|200|~|/test?pcid=IIIJCD&siteid=6
2019-09-21T17:14:11.116|~|200|~|/test?pcid=HIJFLA&siteid=0
2019-09-21T17:14:11.116|~|200|~|/test?pcid=DEIBAH&siteid=18
2019-09-21T17:14:11.116|~|200|~|/test?pcid=HIJMEC&siteid=6
2019-09-21T17:14:11.116|~|200|~|/test?pcid=JCEBBC&siteid=5
2019-09-21T17:14:11.116|~|200|~|/test?pcid=HIJMEC&siteid=18
2019-09-21T17:14:11.116|~|200|~|/test?pcid=IGIDLB&siteid=14
2019-09-21T17:14:11.116|~|200|~|/test?pcid=JCEBBC&siteid=6
2019-09-21T17:14:11.116|~|200|~|/test?pcid=GLLIEG&siteid=3
2019-09-21T17:14:11.116|~|200|~|/test?pcid=FHEIKI&siteid=13
2019-09-21T17:14:11.116|~|200|~|/test?pcid=DEIBAH&siteid=17
2019-09-21T17:14:11.116|~|200|~|/test?pcid=HMGBDE&siteid=18
2019-09-21T17:14:11.116|~|200|~|/test?pcid=HIJFLA&siteid=5
2019-09-21T17:14:11.116|~|200|~|/test?pcid=HIJMEC&siteid=17
2019-09-21T17:14:11.116|~|200|~|/test?pcid=HIJFLA&siteid=10
2019-09-21T17:14:11.116|~|200|~|/test?pcid=KJLAKG&siteid=17
2019-09-21T17:14:11.116|~|200|~|/test?pcid=HMGBDE&siteid=7
2019-09-21T17:14:11.116|~|200|~|/test?pcid=HMGBDE&siteid=2
2019-09-21T17:14:11.116|~|200|~|/test?pcid=DEIBAH&siteid=8
2019-09-21T17:14:11.116|~|200|~|/test?pcid=DEIBAH&siteid=14
2019-09-21T17:14:11.116|~|200|~|/test?pcid=JCEBBC&siteid=1
2019-09-21T17:14:11.116|~|200|~|/test?pcid=KJLAKG&siteid=19
2019-09-21T17:14:11.116|~|200|~|/test?pcid=GLLIEG&siteid=15
2019-09-21T17:14:11.116|~|200|~|/test?pcid=DEIBAH&siteid=16
2019-09-21T17:14:11.116|~|200|~|/test?pcid=GLLIEG&siteid=19
2019-09-21T17:14:11.116|~|200|~|/test?pcid=KJLAKG&siteid=0
2019-09-21T17:14:11.116|~|200|~|/test?pcid=DEIBAH&siteid=17
2019-09-21T17:14:11.116|~|200|~|/test?pcid=FHEIKI&siteid=15
2019-09-21T17:14:11.116|~|200|~|/test?pcid=DEIBAH&siteid=14
2019-09-21T17:14:11.116|~|200|~|/test?pcid=JCEBBC&siteid=3
2019-09-21T17:14:11.116|~|200|~|/test?pcid=HIJMEC&siteid=14
2019-09-21T17:14:11.116|~|200|~|/test?pcid=IGIDLB&siteid=9
2019-09-21T17:14:11.116|~|200|~|/test?pcid=GLLIEG&siteid=14
2019-09-21T17:14:11.116|~|200|~|/test?pcid=IIIJCD&siteid=3
2019-09-21T17:14:11.117|~|200|~|/test?pcid=KJLAKG&siteid=17
2019-09-21T17:14:11.117|~|200|~|/test?pcid=IGIDLB&siteid=19
2019-09-21T17:14:11.117|~|200|~|/test?pcid=DEIBAH&siteid=16
2019-09-21T17:14:11.117|~|200|~|/test?pcid=JCEBBC&siteid=19
2019-09-21T17:14:11.117|~|200|~|/test?pcid=IGIDLB&siteid=3
2019-09-21T17:14:11.117|~|200|~|/test?pcid=IIIJCD&siteid=6
2019-09-21T17:14:11.117|~|200|~|/test?pcid=HIJMEC&siteid=13
2019-09-21T17:14:11.117|~|200|~|/test?pcid=IGIDLB&siteid=12
2019-09-21T17:14:11.117|~|200|~|/test?pcid=JCEBBC&siteid=8
2019-09-21T17:14:11.117|~|200|~|/test?pcid=FHEIKI&siteid=14
2019-09-21T17:14:11.117|~|200|~|/test?pcid=DEIBAH&siteid=17
2019-09-21T17:14:11.117|~|200|~|/test?pcid=HIJMEC&siteid=0
2019-09-21T17:14:11.117|~|200|~|/test?pcid=IGIDLB&siteid=2
2019-09-21T17:14:11.117|~|200|~|/test?pcid=HMGBDE&siteid=19
2019-09-21T17:14:11.117|~|200|~|/test?pcid=DEIBAH&siteid=0
2019-09-21T17:14:11.117|~|200|~|/test?pcid=HMGBDE&siteid=18
2019-09-21T17:14:11.117|~|200|~|/test?pcid=HIJMEC&siteid=16
2019-09-21T17:14:11.117|~|200|~|/test?pcid=HMGBDE&siteid=9
2019-09-21T17:14:11.117|~|200|~|/test?pcid=JCEBBC&siteid=0
2019-09-21T17:14:11.117|~|200|~|/test?pcid=GLLIEG&siteid=17
2019-09-21T17:14:11.117|~|200|~|/test?pcid=GLLIEG&siteid=4
2019-09-21T17:14:11.117|~|200|~|/test?pcid=IIIJCD&siteid=8
2019-09-21T17:14:11.117|~|200|~|/test?pcid=HIJFLA&siteid=3
2019-09-21T17:14:11.117|~|200|~|/test?pcid=DEIBAH&siteid=0
2019-09-21T17:14:11.117|~|200|~|/test?pcid=KJLAKG&siteid=11
